2018-09-12 07:59:54,742 INFO (StartupInfoLogger.java:59)- Started MyMagazineApplication in 1.613 seconds (JVM running for 256.22)
2018-09-12 07:59:56,347 INFO (StartupInfoLogger.java:50)- Starting MyMagazineApplicationTests on Waylan with PID 12320 (started by pc in E:\WORKSPACE\IntelliJIDEA_Workspace\MyMagazine)
2018-09-12 07:59:56,348 DEBUG (StartupInfoLogger.java:53)- Running with Spring Boot v2.0.4.RELEASE, Spring v5.0.8.RELEASE
2018-09-12 07:59:56,349 INFO (SpringApplication.java:662)- No active profile set, falling back to default profiles: default
2018-09-12 08:00:00,666 INFO (StartupInfoLogger.java:59)- Started MyMagazineApplicationTests in 4.627 seconds (JVM running for 5.511)
2018-09-12 08:00:00,832 DEBUG (BaseJdbcLogger.java:159)- ==>  Preparing: delete from t_users where uid = ? 
2018-09-12 08:00:00,851 DEBUG (BaseJdbcLogger.java:159)- ==> Parameters: 4(Integer)
2018-09-12 08:00:00,864 DEBUG (BaseJdbcLogger.java:159)- <==    Updates: 0
2018-09-12 08:00:00,877 DEBUG (BaseJdbcLogger.java:159)- ==>  Preparing: select count(*) from t_users 
2018-09-12 08:00:00,877 DEBUG (BaseJdbcLogger.java:159)- ==> Parameters: 
2018-09-12 08:00:00,893 DEBUG (BaseJdbcLogger.java:159)- <==      Total: 1
2018-09-12 08:00:00,897 DEBUG (BaseJdbcLogger.java:159)- ==>  Preparing: select count(*) from t_users where username = ? 
2018-09-12 08:00:00,897 DEBUG (BaseJdbcLogger.java:159)- ==> Parameters: admin(String)
2018-09-12 08:00:00,906 DEBUG (BaseJdbcLogger.java:159)- <==      Total: 1
2018-09-12 08:00:00,908 DEBUG (BaseJdbcLogger.java:159)- ==>  Preparing: select uid, username, password, email, home_url, screen_name, created, activated, logged, group_name from t_users where username = ? and password = ? 
2018-09-12 08:00:00,908 DEBUG (BaseJdbcLogger.java:159)- ==> Parameters: admin(String), e10adc3949ba59abbe56e057f20f883e(String)
2018-09-12 08:00:00,912 DEBUG (BaseJdbcLogger.java:159)- <==      Total: 1
2018-09-12 08:00:00,918 DEBUG (BaseJdbcLogger.java:159)- ==>  Preparing: select uid, username, password, email, home_url, screen_name, created, activated, logged, group_name from t_users where uid = ? 
2018-09-12 08:00:00,918 DEBUG (BaseJdbcLogger.java:159)- ==> Parameters: 2(Integer)
2018-09-12 08:00:00,920 DEBUG (BaseJdbcLogger.java:159)- <==      Total: 1
2018-09-12 08:00:00,962 DEBUG (BaseJdbcLogger.java:159)- ==>  Preparing: insert into t_users ( username, password, email, activated ) values ( ?, ?, ?, ? ) 
2018-09-12 08:00:00,966 DEBUG (BaseJdbcLogger.java:159)- ==> Parameters: manager(String), e10adc3949ba59abbe56e057f20f883e(String), manager@163.com(String), 1(Integer)
2018-09-12 08:00:01,031 DEBUG (BaseJdbcLogger.java:159)- ==>  Preparing: update t_users SET username = ?, password = ? where uid = ? 
2018-09-12 08:00:01,032 DEBUG (BaseJdbcLogger.java:159)- ==> Parameters: admin(String), e10adc3949ba59abbe56e057f20f883e(String), 1(Integer)
2018-09-12 08:00:01,036 DEBUG (BaseJdbcLogger.java:159)- <==    Updates: 1
2018-09-12 08:00:01,039 DEBUG (BaseJdbcLogger.java:159)- ==>  Preparing: select uid, username, password, email, home_url, screen_name, created, activated, logged, group_name from t_users 
2018-09-12 08:00:01,039 DEBUG (BaseJdbcLogger.java:159)- ==> Parameters: 
2018-09-12 08:00:01,041 DEBUG (BaseJdbcLogger.java:159)- <==      Total: 3
2018-09-12 08:02:40,558 INFO (StartupInfoLogger.java:50)- Starting MyMagazineApplication on Waylan with PID 1132 (E:\WORKSPACE\IntelliJIDEA_Workspace\MyMagazine\target\classes started by pc in E:\WORKSPACE\IntelliJIDEA_Workspace\MyMagazine)
2018-09-12 08:02:40,558 DEBUG (StartupInfoLogger.java:53)- Running with Spring Boot v2.0.4.RELEASE, Spring v5.0.8.RELEASE
2018-09-12 08:02:40,558 INFO (SpringApplication.java:662)- No active profile set, falling back to default profiles: default
